<?xml version="1.0" encoding="UTF-8"?>
<!-- Generated by org.testng.reporters.JUnitXMLReporter -->
<testsuite ignored="0" hostname="DESKTOP-FI8UJG3" failures="0" tests="4" name="Default test" time="26.413" errors="0" timestamp="2022-04-04T15:12:49 IST">
  <testcase classname="pomDDFWithTestNGBaseClassUtilityClass.KiteLoginTest" name="verifyLogoutButtonStatus" time="4.138"/>
  <testcase classname="pomDDFWithTestNGBaseClassUtilityClass.KiteLoginTest" name="verifyLogoutPageTitle" time="3.205"/>
  <testcase classname="pomDDFWithTestNGBaseClassUtilityClass.KiteLoginTest" name="verifyProfileMenuEnabled" time="3.109"/>
  <testcase classname="pomDDFWithTestNGBaseClassUtilityClass.KiteLoginTest" name="verifyProfileName" time="3.028"/>
</testsuite> <!-- Default test -->
