<?xml version="1.0" encoding="UTF-8"?>
<!-- Generated by org.testng.reporters.JUnitXMLReporter -->
<testsuite ignored="0" hostname="DESKTOP-FI8UJG3" failures="0" tests="3" name="Default test" time="0.141" errors="0" timestamp="2022-04-05T08:37:02 IST">
  <testcase classname="pomDDFWithTestNGBaseUtilityScreenshot.BaseClass" name="@BeforeClass setupApplication" time="-1.649128022168E9">
    <failure type="org.testng.TestNGException" message="
Parameter &amp;apos;browser&amp;apos; is required by BeforeClass on method setupApplication but has not been marked @Optional or defined
in C:\Users\Dell\AppData\Local\Temp\testng-eclipse--418350423\testng-customsuite.xml">
      <![CDATA[org.testng.TestNGException: 
Parameter 'browser' is required by BeforeClass on method setupApplication but has not been marked @Optional or defined
in C:\Users\Dell\AppData\Local\Temp\testng-eclipse--418350423\testng-customsuite.xml
at org.testng.internal.Parameters.createParams(Parameters.java:270)
at org.testng.internal.Parameters.createParametersForMethod(Parameters.java:358)
at org.testng.internal.Parameters.createParameters(Parameters.java:700)
at org.testng.internal.Parameters.createConfigurationParameters(Parameters.java:168)
at org.testng.internal.ConfigInvoker.invokeConfigurations(ConfigInvoker.java:302)
at org.testng.internal.TestMethodWorker.invokeBeforeClassMethods(TestMethodWorker.java:176)
at org.testng.internal.TestMethodWorker.run(TestMethodWorker.java:122)
at java.base/java.util.ArrayList.forEach(ArrayList.java:1511)
at org.testng.TestRunner.privateRun(TestRunner.java:794)
at org.testng.TestRunner.run(TestRunner.java:596)
at org.testng.SuiteRunner.runTest(SuiteRunner.java:377)
at org.testng.SuiteRunner.runSequentially(SuiteRunner.java:371)
at org.testng.SuiteRunner.privateRun(SuiteRunner.java:332)
at org.testng.SuiteRunner.run(SuiteRunner.java:276)
at org.testng.SuiteRunnerWorker.runSuite(SuiteRunnerWorker.java:53)
at org.testng.SuiteRunnerWorker.run(SuiteRunnerWorker.java:96)
at org.testng.TestNG.runSuitesSequentially(TestNG.java:1212)
at org.testng.TestNG.runSuitesLocally(TestNG.java:1134)
at org.testng.TestNG.runSuites(TestNG.java:1063)
at org.testng.TestNG.run(TestNG.java:1031)
at org.testng.remote.AbstractRemoteTestNG.run(AbstractRemoteTestNG.java:115)
at org.testng.remote.RemoteTestNG.initAndRun(RemoteTestNG.java:251)
at org.testng.remote.RemoteTestNG.main(RemoteTestNG.java:77)
]]>
    </failure>
  </testcase> <!-- @BeforeClass setupApplication -->
  <testcase classname="pomDDFWithTestNGBaseUtilityScreenshot.KiteLoginTest" name="@BeforeMethod loginApp" time="-1.649128022222E9">
    <skipped/>
  </testcase> <!-- @BeforeMethod loginApp -->
  <testcase classname="pomDDFWithTestNGBaseUtilityScreenshot.KiteLoginTest" name="@AfterMethod takeScreenShotOnFailure" time="-1.649128022236E9">
    <skipped/>
  </testcase> <!-- @AfterMethod takeScreenShotOnFailure -->
  <testcase classname="pomDDFWithTestNGBaseUtilityScreenshot.KiteLoginTest" name="@BeforeMethod loginApp" time="-1.64912802224E9">
    <skipped/>
  </testcase> <!-- @BeforeMethod loginApp -->
  <testcase classname="pomDDFWithTestNGBaseUtilityScreenshot.KiteLoginTest" name="@AfterMethod takeScreenShotOnFailure" time="-1.649128022251E9">
    <skipped/>
  </testcase> <!-- @AfterMethod takeScreenShotOnFailure -->
  <testcase classname="pomDDFWithTestNGBaseUtilityScreenshot.KiteLoginTest" name="@BeforeMethod loginApp" time="-1.649128022254E9">
    <skipped/>
  </testcase> <!-- @BeforeMethod loginApp -->
  <testcase classname="pomDDFWithTestNGBaseUtilityScreenshot.KiteLoginTest" name="@AfterMethod takeScreenShotOnFailure" time="-1.649128022265E9">
    <skipped/>
  </testcase> <!-- @AfterMethod takeScreenShotOnFailure -->
  <testcase classname="pomDDFWithTestNGBaseUtilityScreenshot.BaseClass" name="@AfterClass closeApplication" time="-1.649128022268E9">
    <skipped/>
  </testcase> <!-- @AfterClass closeApplication -->
  <testcase classname="pomDDFWithTestNGBaseUtilityScreenshot.KiteLoginTest" name="verifyLogoutButton" time="0.0">
    <skipped/>
  </testcase> <!-- verifyLogoutButton -->
  <testcase classname="pomDDFWithTestNGBaseUtilityScreenshot.KiteLoginTest" name="verifyProfileMenuButton" time="0.0">
    <skipped/>
  </testcase> <!-- verifyProfileMenuButton -->
  <testcase classname="pomDDFWithTestNGBaseUtilityScreenshot.KiteLoginTest" name="verifyProfileName" time="0.0">
    <skipped/>
  </testcase> <!-- verifyProfileName -->
</testsuite> <!-- Default test -->
