<?xml version="1.0" encoding="UTF-8"?>
<!-- Generated by org.testng.reporters.JUnitXMLReporter -->
<testsuite ignored="4" hostname="DESKTOP-FI8UJG3" failures="0" tests="8" name="Test" time="30.301" errors="0" timestamp="2022-03-31T16:22:13 IST">
  <testcase classname="testNG.FailedTest" name="Test5" time="5.035"/>
  <testcase classname="testNG.FailedTest" name="Test3" time="5.017"/>
  <testcase classname="testNG.FailedTest" name="Test1" time="5.027"/>
  <testcase classname="testNG.FailedTest" name="Test4" time="5.023"/>
  <testcase classname="testNG.TestNG_TimeOut" name="Test5" time="5.019"/>
  <testcase classname="testNG.TestNG_TimeOut" name="Test3" time="5.016"/>
  <testcase classname="testNG.TestNG_Annotationns" name="TC1" time="0.003"/>
  <testcase classname="testNG.TestNG_Annotationns" name="TC2" time="0.002"/>
  <testcase classname="testNG.FailedTest" name="Test2" time="0.0">
    <ignored/>
  </testcase> <!-- Test2 -->
  <testcase classname="testNG.TestNG_TimeOut" name="Test4" time="0.0">
    <ignored/>
  </testcase> <!-- Test4 -->
  <testcase classname="testNG.TestNG_TimeOut" name="Test2" time="0.0">
    <ignored/>
  </testcase> <!-- Test2 -->
  <testcase classname="testNG.TestNG_TimeOut" name="Test1" time="0.0">
    <ignored/>
  </testcase> <!-- Test1 -->
</testsuite> <!-- Test -->
