<?xml version="1.0" encoding="UTF-8"?>
<!-- Generated by org.testng.reporters.JUnitXMLReporter -->
<testsuite ignored="0" hostname="DESKTOP-FI8UJG3" failures="0" tests="3" name="Test1" time="33.696" errors="0" timestamp="2022-04-04T21:11:19 IST">
  <testcase classname="pomDDFWithTestNGBaseUtilityScreenshot.KiteLoginTest" name="verifyLogoutButton" time="6.103"/>
  <testcase classname="pomDDFWithTestNGBaseUtilityScreenshot.KiteLoginTest" name="verifyProfileMenuButton" time="7.941"/>
  <testcase classname="pomDDFWithTestNGBaseUtilityScreenshot.KiteLoginTest" name="verifyProfileName" time="3.576"/>
</testsuite> <!-- Test1 -->
