<?xml version="1.0" encoding="UTF-8"?>
<!-- Generated by org.testng.reporters.JUnitXMLReporter -->
<testsuite ignored="0" hostname="DESKTOP-FI8UJG3" failures="1" tests="3" name="Test1" time="28.414" errors="0" timestamp="2022-04-05T08:12:25 IST">
  <testcase classname="pomDDFWithTestNGBaseUtilityScreenshot.KiteLoginTest" name="verifyLogoutButton" time="6.602"/>
  <testcase classname="pomDDFWithTestNGBaseUtilityScreenshot.KiteLoginTest" name="verifyProfileMenuButton" time="4.75"/>
  <testcase classname="pomDDFWithTestNGBaseUtilityScreenshot.KiteLoginTest" name="verifyProfileName" time="2.738">
    <failure type="java.lang.NullPointerException" message="Cannot invoke &amp;quot;org.apache.poi.ss.usermodel.Cell.getStringCellValue()&amp;quot; because the return value of &amp;quot;org.apache.poi.ss.usermodel.Row.getCell(int)&amp;quot; is null">
      <![CDATA[java.lang.NullPointerException: Cannot invoke "org.apache.poi.ss.usermodel.Cell.getStringCellValue()" because the return value of "org.apache.poi.ss.usermodel.Row.getCell(int)" is null
at pomDDFWithTestNGBaseUtilityScreenshot.Utility.getTestData(Utility.java:32)
at pomDDFWithTestNGBaseUtilityScreenshot.KiteLoginTest.verifyProfileName(KiteLoginTest.java:48)
at java.base/java.util.ArrayList.forEach(ArrayList.java:1511)
... Removed 27 stack frames]]>
    </failure>
  </testcase> <!-- verifyProfileName -->
</testsuite> <!-- Test1 -->
