<?xml version="1.0" encoding="UTF-8"?>
<!-- Generated by org.testng.reporters.JUnitXMLReporter -->
<testsuite ignored="4" hostname="DESKTOP-FI8UJG3" failures="0" tests="6" name="Test(failed)" time="30.278" errors="0" timestamp="2022-03-31T15:39:09 IST">
  <testcase classname="testNG.FailedTest" name="Test5" time="5.04"/>
  <testcase classname="testNG.FailedTest" name="Test3" time="5.015"/>
  <testcase classname="testNG.FailedTest" name="Test1" time="5.011"/>
  <testcase classname="testNG.FailedTest" name="Test4" time="5.02"/>
  <testcase classname="testNG.TestNG_TimeOut" name="Test5" time="5.024"/>
  <testcase classname="testNG.TestNG_TimeOut" name="Test3" time="5.02"/>
  <testcase classname="testNG.FailedTest" name="Test2" time="0.0">
    <ignored/>
  </testcase> <!-- Test2 -->
  <testcase classname="testNG.TestNG_TimeOut" name="Test4" time="0.0">
    <ignored/>
  </testcase> <!-- Test4 -->
  <testcase classname="testNG.TestNG_TimeOut" name="Test2" time="0.0">
    <ignored/>
  </testcase> <!-- Test2 -->
  <testcase classname="testNG.TestNG_TimeOut" name="Test1" time="0.0">
    <ignored/>
  </testcase> <!-- Test1 -->
</testsuite> <!-- Test(failed) -->
