<?xml version="1.0" encoding="UTF-8"?>
<testng-results ignored="0" total="1" passed="1" failed="0" skipped="0">
  <reporter-output>
  </reporter-output>
  <suite started-at="2022-04-07T11:44:02 IST" name="Suite" finished-at="2022-04-07T11:44:12 IST" duration-ms="9372">
    <groups>
    </groups>
    <test started-at="2022-04-07T11:44:02 IST" name="Test" finished-at="2022-04-07T11:44:12 IST" duration-ms="9372">
      <class name="testNG.Parameter.LoginTest">
        <test-method is-config="true" signature="openBrowser()[pri:0, instance:testNG.Parameter.LoginTest@4fb3ee4e]" started-at="2022-04-07T11:44:02 IST" name="openBrowser" finished-at="2022-04-07T11:44:07 IST" duration-ms="4819" status="PASS">
          <reporter-output>
          </reporter-output>
        </test-method> <!-- openBrowser -->
        <test-method is-config="true" signature="loginToApp(java.lang.String,java.lang.String,java.lang.String)[pri:0, instance:testNG.Parameter.LoginTest@4fb3ee4e]" started-at="2022-04-07T11:44:07 IST" name="loginToApp" finished-at="2022-04-07T11:44:08 IST" duration-ms="848" status="PASS">
          <params>
            <param index="0">
              <value>
                <![CDATA[KW0610]]>
              </value>
            </param>
            <param index="1">
              <value>
                <![CDATA[Shiv@123]]>
              </value>
            </param>
            <param index="2">
              <value>
                <![CDATA[152022]]>
              </value>
            </param>
          </params>
          <reporter-output>
          </reporter-output>
        </test-method> <!-- loginToApp -->
        <test-method signature="verifyProfileName(java.lang.String)[pri:0, instance:testNG.Parameter.LoginTest@4fb3ee4e]" started-at="2022-04-07T11:44:08 IST" name="verifyProfileName" finished-at="2022-04-07T11:44:10 IST" duration-ms="1864" status="PASS">
          <params>
            <param index="0">
              <value>
                <![CDATA[SB]]>
              </value>
            </param>
          </params>
          <reporter-output>
          </reporter-output>
        </test-method> <!-- verifyProfileName -->
        <test-method is-config="true" signature="logoutFromApp()[pri:0, instance:testNG.Parameter.LoginTest@4fb3ee4e]" started-at="2022-04-07T11:44:10 IST" name="logoutFromApp" finished-at="2022-04-07T11:44:11 IST" duration-ms="1455" status="PASS">
          <reporter-output>
          </reporter-output>
        </test-method> <!-- logoutFromApp -->
        <test-method is-config="true" signature="closeBrowser()[pri:0, instance:testNG.Parameter.LoginTest@4fb3ee4e]" started-at="2022-04-07T11:44:11 IST" name="closeBrowser" finished-at="2022-04-07T11:44:12 IST" duration-ms="286" status="PASS">
          <reporter-output>
          </reporter-output>
        </test-method> <!-- closeBrowser -->
      </class> <!-- testNG.Parameter.LoginTest -->
    </test> <!-- Test -->
  </suite> <!-- Suite -->
</testng-results>
