<?xml version="1.0" encoding="UTF-8"?>
<!-- Generated by org.testng.reporters.JUnitXMLReporter -->
<testsuite ignored="3" hostname="DESKTOP-FI8UJG3" failures="0" tests="2" name="TestingExecution(failed)" time="30.186" errors="0" timestamp="2022-03-31T14:55:07 IST">
  <testcase classname="testNG.TestNG_TimeOut" name="Test5" time="15.042"/>
  <testcase classname="testNG.TestNG_TimeOut" name="Test3" time="15.012"/>
  <testcase classname="testNG.TestNG_TimeOut" name="Test4" time="0.0">
    <ignored/>
  </testcase> <!-- Test4 -->
  <testcase classname="testNG.TestNG_TimeOut" name="Test2" time="0.0">
    <ignored/>
  </testcase> <!-- Test2 -->
  <testcase classname="testNG.TestNG_TimeOut" name="Test1" time="0.0">
    <ignored/>
  </testcase> <!-- Test1 -->
</testsuite> <!-- TestingExecution(failed) -->
